<?xml version="1.0" encoding="UTF-8"?>
<!-- Generated by org.testng.reporters.JUnitXMLReporter -->
<testsuite ignored="0" hostname="ACSS-LTP151" failures="0" tests="12" name="Default test" time="15.072" errors="0" timestamp="2024-10-17T16:14:26 PST">
  <testcase classname="test.cases.SwagLabs" name="TC001" time="0.863"/>
  <testcase classname="test.cases.SwagLabs" name="TC001" time="0.831"/>
  <testcase classname="test.cases.SwagLabs" name="TC001" time="1.019"/>
  <testcase classname="test.cases.SwagLabs" name="TC001" time="1.497"/>
  <testcase classname="test.cases.SwagLabs" name="TC001" time="1.327"/>
  <testcase classname="test.cases.SwagLabs" name="TC001" time="1.405"/>
  <testcase classname="test.cases.SwagLabs" name="TC002" time="0.166"/>
  <testcase classname="test.cases.SwagLabs" name="TC002" time="0.152"/>
  <testcase classname="test.cases.SwagLabs" name="TC002" time="0.175"/>
  <testcase classname="test.cases.SwagLabs" name="TC002" time="0.142"/>
  <testcase classname="test.cases.SwagLabs" name="TC002" time="0.144"/>
  <testcase classname="test.cases.SwagLabs" name="TC002" time="1.28"/>
</testsuite> <!-- Default test -->
