<?xml version="1.0" encoding="UTF-8"?>
<!-- Generated by org.testng.reporters.JUnitXMLReporter -->
<testsuite ignored="2" hostname="DESKTOP-CGV43OK" failures="0" tests="1" name="Test" time="7.422" errors="0" timestamp="2024-10-16T22:42:55 CST">
  <testcase classname="test.cases.SwagLabs" name="TC001" time="0.88"/>
  <testcase classname="base.files.BaseFiles" name="@BeforeTest setUp" time="0.0">
    <ignored/>
  </testcase> <!-- @BeforeTest setUp -->
  <testcase classname="base.files.BaseFiles" name="@AfterTest closeBrowser" time="0.0">
    <ignored/>
  </testcase> <!-- @AfterTest closeBrowser -->
</testsuite> <!-- Test -->
