<?xml version="1.0" encoding="UTF-8"?>
<!-- Generated by org.testng.reporters.JUnitXMLReporter -->
<testsuite ignored="2" hostname="ACSS-LTP151" failures="0" tests="1" name="Test_1" time="3.739" errors="0" timestamp="2024-10-18T15:57:57 PST">
  <testcase classname="test.cases.InvalidCredentials" name="VerifyError" time="0.041"/>
  <testcase classname="base.files.BaseFiles" name="@BeforeTest setUp" time="0.0">
    <ignored/>
  </testcase> <!-- @BeforeTest setUp -->
  <testcase classname="base.files.BaseFiles" name="@AfterTest closeBrowser" time="0.0">
    <ignored/>
  </testcase> <!-- @AfterTest closeBrowser -->
</testsuite> <!-- Test_1 -->
