<?xml version="1.0" encoding="UTF-8"?>
<testng-results ignored="2" total="3" passed="1" failed="0" skipped="0">
  <reporter-output>
  </reporter-output>
  <suite started-at="2024-10-16T22:42:47 CST" name="Suite" finished-at="2024-10-16T22:42:55 CST" duration-ms="7422">
    <groups>
    </groups>
    <test started-at="2024-10-16T22:42:47 CST" name="Test" finished-at="2024-10-16T22:42:55 CST" duration-ms="7422">
      <class name="test.cases.SwagLabs">
        <test-method is-config="true" signature="setUp()[pri:0, instance:test.cases.SwagLabs@6989da5e]" started-at="2024-10-16T22:42:47 CST" name="setUp" finished-at="2024-10-16T22:42:53 CST" duration-ms="6059" status="PASS">
          <reporter-output>
          </reporter-output>
        </test-method> <!-- setUp -->
        <test-method signature="TC001()[pri:0, instance:test.cases.SwagLabs@6989da5e]" started-at="2024-10-16T22:42:53 CST" name="TC001" finished-at="2024-10-16T22:42:54 CST" duration-ms="880" status="PASS">
          <reporter-output>
          </reporter-output>
        </test-method> <!-- TC001 -->
        <test-method is-config="true" signature="closeBrowser()[pri:0, instance:test.cases.SwagLabs@6989da5e]" started-at="2024-10-16T22:42:54 CST" name="closeBrowser" finished-at="2024-10-16T22:42:55 CST" duration-ms="403" status="PASS">
          <reporter-output>
          </reporter-output>
        </test-method> <!-- closeBrowser -->
      </class> <!-- test.cases.SwagLabs -->
    </test> <!-- Test -->
  </suite> <!-- Suite -->
</testng-results>
