<?xml version="1.0" encoding="UTF-8"?>
<testng-results ignored="0" total="1" passed="1" failed="0" skipped="0">
  <reporter-output>
  </reporter-output>
  <suite started-at="2024-10-27T02:10:01 CST" name="Default suite" finished-at="2024-10-27T02:10:20 CST" duration-ms="19471">
    <groups>
    </groups>
    <test started-at="2024-10-27T02:10:01 CST" name="Default test" finished-at="2024-10-27T02:10:20 CST" duration-ms="19471">
      <class name="test.cases.SwagLabs">
        <test-method is-config="true" signature="setUp()[pri:0, instance:test.cases.SwagLabs@302552ec]" started-at="2024-10-27T02:10:01 CST" name="setUp" finished-at="2024-10-27T02:10:05 CST" duration-ms="4394" status="PASS">
          <reporter-output>
          </reporter-output>
        </test-method> <!-- setUp -->
        <test-method signature="EndToEnd(java.lang.String,java.lang.String,java.lang.String,java.lang.String,java.lang.String,java.lang.String,java.lang.String)[pri:0, instance:test.cases.SwagLabs@302552ec]" started-at="2024-10-27T02:10:06 CST" name="EndToEnd" data-provider="excelData" finished-at="2024-10-27T02:10:19 CST" duration-ms="12982" status="PASS">
          <params>
            <param index="0">
              <value>
                <![CDATA[Swag Labs]]>
              </value>
            </param>
            <param index="1">
              <value>
                <![CDATA[Sauce Labs Backpack]]>
              </value>
            </param>
            <param index="2">
              <value>
                <![CDATA[Test First Name]]>
              </value>
            </param>
            <param index="3">
              <value>
                <![CDATA[Test Last Name]]>
              </value>
            </param>
            <param index="4">
              <value>
                <![CDATA[Test Zip Code]]>
              </value>
            </param>
            <param index="5">
              <value>
                <![CDATA[Sauce Labs Backpack]]>
              </value>
            </param>
            <param index="6">
              <value>
                <![CDATA[Thank you for your order!]]>
              </value>
            </param>
          </params>
          <reporter-output>
          </reporter-output>
        </test-method> <!-- EndToEnd -->
        <test-method is-config="true" signature="closeBrowser()[pri:0, instance:test.cases.SwagLabs@302552ec]" started-at="2024-10-27T02:10:19 CST" name="closeBrowser" finished-at="2024-10-27T02:10:20 CST" duration-ms="704" status="PASS">
          <reporter-output>
          </reporter-output>
        </test-method> <!-- closeBrowser -->
      </class> <!-- test.cases.SwagLabs -->
    </test> <!-- Default test -->
  </suite> <!-- Default suite -->
</testng-results>
